#
# There is insufficient memory for the Java Runtime Environment to continue.
# Native memory allocation (malloc) failed to allocate 403696 bytes for Chunk::new
# Possible reasons:
#   The system is out of physical RAM or swap space
#   The process is running with CompressedOops enabled, and the Java Heap may be blocking the growth of the native heap
# Possible solutions:
#   Reduce memory load on the system
#   Increase physical memory or swap space
#   Check if swap backing store is full
#   Decrease Java heap size (-Xmx/-Xms)
#   Decrease number of Java threads
#   Decrease Java thread stack sizes (-Xss)
#   Set larger code cache with -XX:ReservedCodeCacheSize=
#   JVM is running with Unscaled Compressed Oops mode in which the Java heap is
#     placed in the first 4GB address space. The Java Heap base address is the
#     maximum limit for the native heap growth. Please use -XX:HeapBaseMinAddress
#     to set the Java Heap base and to place the Java Heap above 4GB virtual address.
# This output file may be truncated or incomplete.
#
#  Out of Memory Error (allocation.cpp:389), pid=4588, tid=0x0000000000003e84
#
# JRE version: OpenJDK Runtime Environment (8.0-b10) (build 1.8.0-262-b10)
# Java VM: OpenJDK 64-Bit Server VM (25.71-b10 mixed mode windows-amd64 compressed oops)
# Failed to write core dump. Minidumps are not enabled by default on client versions of Windows
#

---------------  T H R E A D  ---------------

Current thread (0x0000000013f7b000):  JavaThread "C2 CompilerThread1" daemon [_thread_in_native, id=16004, stack(0x00000000156d0000,0x00000000157d0000)]

Stack: [0x00000000156d0000,0x00000000157d0000]
[error occurred during error reporting (printing stack bounds), id 0xc0000005]

Native frames: (J=compiled Java code, j=interpreted, Vv=VM code, C=native code)


Current CompileTask:
C2:   3886 1730   !   4       java.lang.ClassLoader::getPackage (118 bytes)


---------------  P R O C E S S  ---------------

Java Threads: ( => current thread )
  0x0000000017d26000 JavaThread "Cache worker for cache directory md-supplier (C:\Users\Jahanzaib\.gradle\caches\6.2\md-supplier)" [_thread_blocked, id=3692, stack(0x000000001c190000,0x000000001c290000)]
  0x0000000017d2d000 JavaThread "Cache worker for file hash cache (E:\Jahanzaib\Redux_Hooks\Project\android\.gradle\6.2\fileHashes)" [_thread_blocked, id=9092, stack(0x000000001c640000,0x000000001c740000)]
  0x0000000017d27000 JavaThread "Cache worker for checksums cache (E:\Jahanzaib\Redux_Hooks\Project\android\.gradle\checksums)" [_thread_blocked, id=14864, stack(0x000000001c090000,0x000000001c190000)]
  0x0000000017d2c000 JavaThread "Cache worker for file hash cache (C:\Users\Jahanzaib\.gradle\caches\6.2\fileHashes)" [_thread_blocked, id=15976, stack(0x0000000019cf0000,0x0000000019df0000)]
  0x0000000017d2b800 JavaThread "File lock request listener" [_thread_in_native, id=11996, stack(0x0000000019bf0000,0x0000000019cf0000)]
  0x0000000017d41000 JavaThread "Cache worker for journal cache (C:\Users\Jahanzaib\.gradle\caches\journal-1)" [_thread_blocked, id=13648, stack(0x0000000019af0000,0x0000000019bf0000)]
  0x0000000017ab4800 JavaThread "Thread-9" [_thread_blocked, id=13740, stack(0x00000000197f0000,0x00000000198f0000)]
  0x0000000017ab2000 JavaThread "Stdin handler" [_thread_blocked, id=416, stack(0x00000000196f0000,0x00000000197f0000)]
  0x0000000017a99000 JavaThread "Asynchronous log dispatcher for DefaultDaemonConnection: socket connection from /127.0.0.1:55703 to /127.0.0.1:55704" [_thread_blocked, id=14476, stack(0x00000000195f0000,0x00000000196f0000)]
  0x0000000017abb800 JavaThread "Daemon worker" [_thread_in_vm, id=4196, stack(0x00000000192f0000,0x00000000193f0000)]
  0x0000000017a98000 JavaThread "Cancel handler" [_thread_blocked, id=3796, stack(0x00000000191f0000,0x00000000192f0000)]
  0x0000000017a8e800 JavaThread "Handler for socket connection from /127.0.0.1:55703 to /127.0.0.1:55704" [_thread_in_native, id=10332, stack(0x00000000190f0000,0x00000000191f0000)]
  0x0000000017a89800 JavaThread "Daemon" [_thread_blocked, id=6712, stack(0x0000000018ff0000,0x00000000190f0000)]
  0x0000000017a23000 JavaThread "Daemon periodic checks" [_thread_blocked, id=11484, stack(0x0000000018ef0000,0x0000000018ff0000)]
  0x0000000017a17800 JavaThread "Incoming local TCP Connector on port 55703" [_thread_in_native, id=16044, stack(0x0000000018cb0000,0x0000000018db0000)]
  0x0000000017950000 JavaThread "Daemon health stats" [_thread_blocked, id=11824, stack(0x0000000018670000,0x0000000018770000)]
  0x0000000015908800 JavaThread "Service Thread" daemon [_thread_blocked, id=11540, stack(0x0000000015cd0000,0x0000000015dd0000)]
  0x0000000013f88000 JavaThread "C1 CompilerThread2" daemon [_thread_in_native, id=3232, stack(0x00000000157d0000,0x00000000158d0000)]
=>0x0000000013f7b000 JavaThread "C2 CompilerThread1" daemon [_thread_in_native, id=16004, stack(0x00000000156d0000,0x00000000157d0000)]
  0x0000000013f76800 JavaThread "C2 CompilerThread0" daemon [_thread_in_native, id=2748, stack(0x00000000155d0000,0x00000000156d0000)]
  0x0000000013f74000 JavaThread "Attach Listener" daemon [_thread_blocked, id=6632, stack(0x00000000154d0000,0x00000000155d0000)]
  0x0000000013f73000 JavaThread "Signal Dispatcher" daemon [_thread_blocked, id=8584, stack(0x00000000153d0000,0x00000000154d0000)]
  0x0000000002b2b000 JavaThread "Finalizer" daemon [_thread_blocked, id=8940, stack(0x00000000151c0000,0x00000000152c0000)]
  0x0000000013f59000 JavaThread "Reference Handler" daemon [_thread_blocked, id=7892, stack(0x00000000150c0000,0x00000000151c0000)]
  0x0000000002a32800 JavaThread "main" [_thread_blocked, id=6604, stack(0x0000000002910000,0x0000000002a10000)]

Other Threads:
  0x0000000013f37800 VMThread [stack: 0x0000000014fc0000,0x00000000150c0000] [id=14396]
  0x0000000015911000 WatcherThread [stack: 0x0000000015dd0000,0x0000000015ed0000] [id=13820]

VM state:not at safepoint (normal execution)

VM Mutex/Monitor currently owned by a thread: None

heap address: 0x00000000e0000000, size: 512 MB, Compressed Oops mode: 32-bit
Narrow klass base: 0x0000000000000000, Narrow klass shift: 3
Compressed class space size: 1073741824 Address: 0x0000000100000000

Heap:
 PSYoungGen      total 76288K, used 3620K [0x00000000f5580000, 0x00000000fea80000, 0x0000000100000000)
  eden space 65536K, 5% used [0x00000000f5580000,0x00000000f5909058,0x00000000f9580000)
  from space 10752K, 0% used [0x00000000fa000000,0x00000000fa000000,0x00000000faa80000)
  to   space 10752K, 0% used [0x00000000f9580000,0x00000000f9580000,0x00000000fa000000)
 ParOldGen       total 175104K, used 7498K [0x00000000e0000000, 0x00000000eab00000, 0x00000000f5580000)
  object space 175104K, 4% used [0x00000000e0000000,0x00000000e0752b78,0x00000000eab00000)
 Metaspace       used 20944K, capacity 21498K, committed 21680K, reserved 1067008K
  class space    used 2952K, capacity 3133K, committed 3248K, reserved 1048576K

Card table byte_map: [0x0000000011f00000,0x0000000012010000] byte_map_base: 0x0000000011800000

Marking Bits: (ParMarkBitMap*) 0x0000000055298e90
 Begin Bits: [0x00000000124c0000, 0x0000000012cc0000)
 End Bits:   [0x0000000012cc0000, 0x00000000134c0000)

Polling page: 0x0000000002a10000

CodeCache: size=245760Kb used=6499Kb max_used=6499Kb free=239260Kb
 bounds [0x0000000002b40000, 0x00000000031a0000, 0x0000000011b40000]
 total_blobs=2203 nmethods=1779 adapters=337
 compilation: enabled

Compilation events (10 events):
Event: 3.877 Thread 0x0000000013f88000 nmethod 1772 0x0000000003190c10 code [0x0000000003190f60, 0x0000000003192628]
Event: 3.877 Thread 0x0000000013f88000 1773       3       org.gradle.internal.instantiation.generator.AbstractClassGenerator$InjectionAnnotationValidator::validateMethod (502 bytes)
Event: 3.882 Thread 0x0000000013f76800 1777       4       sun.misc.ProxyGenerator$ConstantPool::getUtf8 (18 bytes)
Event: 3.883 Thread 0x0000000013f88000 nmethod 1773 0x00000000031931d0 code [0x0000000003193980, 0x0000000003198a28]
Event: 3.883 Thread 0x0000000013f88000 1774       3       com.google.common.collect.ImmutableList::listIterator (30 bytes)
Event: 3.884 Thread 0x0000000013f88000 nmethod 1774 0x000000000318be50 code [0x000000000318c060, 0x000000000318cb18]
Event: 3.884 Thread 0x0000000013f88000 1775       3       java.nio.HeapByteBuffer::_get (7 bytes)
Event: 3.884 Thread 0x0000000013f88000 nmethod 1775 0x0000000003190850 code [0x00000000031909a0, 0x0000000003190b30]
Event: 3.884 Thread 0x0000000013f88000 1776       1       java.lang.Class$MethodArray::length (5 bytes)
Event: 3.884 Thread 0x0000000013f88000 nmethod 1776 0x000000000318bb10 code [0x000000000318bc60, 0x000000000318bd70]

GC Heap History (10 events):
Event: 1.497 GC heap before
{Heap before GC invocations=1 (full 0):
 PSYoungGen      total 76288K, used 65536K [0x00000000f5580000, 0x00000000faa80000, 0x0000000100000000)
  eden space 65536K, 100% used [0x00000000f5580000,0x00000000f9580000,0x00000000f9580000)
  from space 10752K, 0% used [0x00000000fa000000,0x00000000fa000000,0x00000000faa80000)
  to   space 10752K, 0% used [0x00000000f9580000,0x00000000f9580000,0x00000000fa000000)
 ParOldGen       total 175104K, used 0K [0x00000000e0000000, 0x00000000eab00000, 0x00000000f5580000)
  object space 175104K, 0% used [0x00000000e0000000,0x00000000e0000000,0x00000000eab00000)
 Metaspace       used 7402K, capacity 7614K, committed 7680K, reserved 1056768K
  class space    used 903K, capacity 1005K, committed 1024K, reserved 1048576K
Event: 1.504 GC heap after
Heap after GC invocations=1 (full 0):
 PSYoungGen      total 76288K, used 5656K [0x00000000f5580000, 0x00000000faa80000, 0x0000000100000000)
  eden space 65536K, 0% used [0x00000000f5580000,0x00000000f5580000,0x00000000f9580000)
  from space 10752K, 52% used [0x00000000f9580000,0x00000000f9b06398,0x00000000fa000000)
  to   space 10752K, 0% used [0x00000000fa000000,0x00000000fa000000,0x00000000faa80000)
 ParOldGen       total 175104K, used 16K [0x00000000e0000000, 0x00000000eab00000, 0x00000000f5580000)
  object space 175104K, 0% used [0x00000000e0000000,0x00000000e0004000,0x00000000eab00000)
 Metaspace       used 7402K, capacity 7614K, committed 7680K, reserved 1056768K
  class space    used 903K, capacity 1005K, committed 1024K, reserved 1048576K
}
Event: 2.592 GC heap before
{Heap before GC invocations=2 (full 0):
 PSYoungGen      total 76288K, used 71192K [0x00000000f5580000, 0x00000000faa80000, 0x0000000100000000)
  eden space 65536K, 100% used [0x00000000f5580000,0x00000000f9580000,0x00000000f9580000)
  from space 10752K, 52% used [0x00000000f9580000,0x00000000f9b06398,0x00000000fa000000)
  to   space 10752K, 0% used [0x00000000fa000000,0x00000000fa000000,0x00000000faa80000)
 ParOldGen       total 175104K, used 16K [0x00000000e0000000, 0x00000000eab00000, 0x00000000f5580000)
  object space 175104K, 0% used [0x00000000e0000000,0x00000000e0004000,0x00000000eab00000)
 Metaspace       used 14524K, capacity 14818K, committed 14848K, reserved 1062912K
  class space    used 1915K, capacity 2035K, committed 2048K, reserved 1048576K
Event: 2.602 GC heap after
Heap after GC invocations=2 (full 0):
 PSYoungGen      total 76288K, used 9071K [0x00000000f5580000, 0x00000000faa80000, 0x0000000100000000)
  eden space 65536K, 0% used [0x00000000f5580000,0x00000000f5580000,0x00000000f9580000)
  from space 10752K, 84% used [0x00000000fa000000,0x00000000fa8dbc48,0x00000000faa80000)
  to   space 10752K, 0% used [0x00000000f9580000,0x00000000f9580000,0x00000000fa000000)
 ParOldGen       total 175104K, used 24K [0x00000000e0000000, 0x00000000eab00000, 0x00000000f5580000)
  object space 175104K, 0% used [0x00000000e0000000,0x00000000e0006000,0x00000000eab00000)
 Metaspace       used 14524K, capacity 14818K, committed 14848K, reserved 1062912K
  class space    used 1915K, capacity 2035K, committed 2048K, reserved 1048576K
}
Event: 3.544 GC heap before
{Heap before GC invocations=3 (full 0):
 PSYoungGen      total 76288K, used 74607K [0x00000000f5580000, 0x00000000faa80000, 0x0000000100000000)
  eden space 65536K, 100% used [0x00000000f5580000,0x00000000f9580000,0x00000000f9580000)
  from space 10752K, 84% used [0x00000000fa000000,0x00000000fa8dbc48,0x00000000faa80000)
  to   space 10752K, 0% used [0x00000000f9580000,0x00000000f9580000,0x00000000fa000000)
 ParOldGen       total 175104K, used 24K [0x00000000e0000000, 0x00000000eab00000, 0x00000000f5580000)
  object space 175104K, 0% used [0x00000000e0000000,0x00000000e0006000,0x00000000eab00000)
 Metaspace       used 19801K, capacity 20366K, committed 20736K, reserved 1067008K
  class space    used 2772K, capacity 2955K, committed 3072K, reserved 1048576K
Event: 3.558 GC heap after
Heap after GC invocations=3 (full 0):
 PSYoungGen      total 76288K, used 10732K [0x00000000f5580000, 0x00000000faa80000, 0x0000000100000000)
  eden space 65536K, 0% used [0x00000000f5580000,0x00000000f5580000,0x00000000f9580000)
  from space 10752K, 99% used [0x00000000f9580000,0x00000000f9ffb270,0x00000000fa000000)
  to   space 10752K, 0% used [0x00000000fa000000,0x00000000fa000000,0x00000000faa80000)
 ParOldGen       total 175104K, used 608K [0x00000000e0000000, 0x00000000eab00000, 0x00000000f5580000)
  object space 175104K, 0% used [0x00000000e0000000,0x00000000e00980f0,0x00000000eab00000)
 Metaspace       used 19801K, capacity 20366K, committed 20736K, reserved 1067008K
  class space    used 2772K, capacity 2955K, committed 3072K, reserved 1048576K
}
Event: 3.740 GC heap before
{Heap before GC invocations=4 (full 0):
 PSYoungGen      total 76288K, used 27319K [0x00000000f5580000, 0x00000000faa80000, 0x0000000100000000)
  eden space 65536K, 25% used [0x00000000f5580000,0x00000000f65b2cb8,0x00000000f9580000)
  from space 10752K, 99% used [0x00000000f9580000,0x00000000f9ffb270,0x00000000fa000000)
  to   space 10752K, 0% used [0x00000000fa000000,0x00000000fa000000,0x00000000faa80000)
 ParOldGen       total 175104K, used 608K [0x00000000e0000000, 0x00000000eab00000, 0x00000000f5580000)
  object space 175104K, 0% used [0x00000000e0000000,0x00000000e00980f0,0x00000000eab00000)
 Metaspace       used 20712K, capacity 21274K, committed 21296K, reserved 1067008K
  class space    used 2916K, capacity 3101K, committed 3120K, reserved 1048576K
Event: 3.751 GC heap after
Heap after GC invocations=4 (full 0):
 PSYoungGen      total 76288K, used 7697K [0x00000000f5580000, 0x00000000fea80000, 0x0000000100000000)
  eden space 65536K, 0% used [0x00000000f5580000,0x00000000f5580000,0x00000000f9580000)
  from space 10752K, 71% used [0x00000000fa000000,0x00000000fa7846e0,0x00000000faa80000)
  to   space 10752K, 0% used [0x00000000f9580000,0x00000000f9580000,0x00000000fa000000)
 ParOldGen       total 175104K, used 616K [0x00000000e0000000, 0x00000000eab00000, 0x00000000f5580000)
  object space 175104K, 0% used [0x00000000e0000000,0x00000000e009a0f0,0x00000000eab00000)
 Metaspace       used 20712K, capacity 21274K, committed 21296K, reserved 1067008K
  class space    used 2916K, capacity 3101K, committed 3120K, reserved 1048576K
}
Event: 3.751 GC heap before
{Heap before GC invocations=5 (full 1):
 PSYoungGen      total 76288K, used 7697K [0x00000000f5580000, 0x00000000fea80000, 0x0000000100000000)
  eden space 65536K, 0% used [0x00000000f5580000,0x00000000f5580000,0x00000000f9580000)
  from space 10752K, 71% used [0x00000000fa000000,0x00000000fa7846e0,0x00000000faa80000)
  to   space 10752K, 0% used [0x00000000f9580000,0x00000000f9580000,0x00000000fa000000)
 ParOldGen       total 175104K, used 616K [0x00000000e0000000, 0x00000000eab00000, 0x00000000f5580000)
  object space 175104K, 0% used [0x00000000e0000000,0x00000000e009a0f0,0x00000000eab00000)
 Metaspace       used 20712K, capacity 21274K, committed 21296K, reserved 1067008K
  class space    used 2916K, capacity 3101K, committed 3120K, reserved 1048576K
Event: 3.792 GC heap after
Heap after GC invocations=5 (full 1):
 PSYoungGen      total 76288K, used 0K [0x00000000f5580000, 0x00000000fea80000, 0x0000000100000000)
  eden space 65536K, 0% used [0x00000000f5580000,0x00000000f5580000,0x00000000f9580000)
  from space 10752K, 0% used [0x00000000fa000000,0x00000000fa000000,0x00000000faa80000)
  to   space 10752K, 0% used [0x00000000f9580000,0x00000000f9580000,0x00000000fa000000)
 ParOldGen       total 175104K, used 7498K [0x00000000e0000000, 0x00000000eab00000, 0x00000000f5580000)
  object space 175104K, 4% used [0x00000000e0000000,0x00000000e0752b78,0x00000000eab00000)
 Metaspace       used 20712K, capacity 21274K, committed 21296K, reserved 1067008K
  class space    used 2916K, capacity 3101K, committed 3120K, reserved 1048576K
}

Deoptimization events (10 events):
Event: 2.521 Thread 0x0000000017abb800 Uncommon trap: reason=class_check action=maybe_recompile pc=0x0000000002e4319c method=java.util.regex.Matcher.match(II)Z @ 86
Event: 2.772 Thread 0x0000000017abb800 Uncommon trap: reason=unstable_if action=reinterpret pc=0x0000000002e8489c method=java.io.File.getName()Ljava/lang/String; @ 16
Event: 2.772 Thread 0x0000000017abb800 Uncommon trap: reason=unstable_if action=reinterpret pc=0x0000000002e7f054 method=java.lang.String.substring(I)Ljava/lang/String; @ 35
Event: 3.241 Thread 0x0000000017abb800 Uncommon trap: reason=unstable_if action=reinterpret pc=0x0000000002d89f90 method=java.util.HashMap.getNode(ILjava/lang/Object;)Ljava/util/HashMap$Node; @ 129
Event: 3.311 Thread 0x0000000017abb800 Uncommon trap: reason=unstable_if action=reinterpret pc=0x0000000002d14588 method=java.net.URI.match(CJJ)Z @ 19
Event: 3.311 Thread 0x0000000017abb800 Uncommon trap: reason=unstable_if action=reinterpret pc=0x0000000002dec480 method=java.net.URI.match(CJJ)Z @ 19
Event: 3.608 Thread 0x0000000017abb800 Uncommon trap: reason=unstable_if action=reinterpret pc=0x00000000030020f0 method=java.util.HashMap.hash(Ljava/lang/Object;)I @ 1
Event: 3.618 Thread 0x0000000017abb800 Uncommon trap: reason=unstable_if action=reinterpret pc=0x00000000030d8228 method=java.util.HashMap.hash(Ljava/lang/Object;)I @ 1
Event: 3.796 Thread 0x0000000017abb800 Uncommon trap: reason=unstable_if action=reinterpret pc=0x0000000002e5e1cc method=java.io.WinNTFileSystem.resolve(Ljava/lang/String;Ljava/lang/String;)Ljava/lang/String; @ 49
Event: 3.878 Thread 0x0000000017abb800 Uncommon trap: reason=unstable_if action=reinterpret pc=0x0000000002e82570 method=java.util.LinkedHashMap.afterNodeInsertion(Z)V @ 1

Classes redefined (0 events):
No events

Internal exceptions (10 events):
Event: 0.733 Thread 0x0000000002a32800 Exception <a 'java/lang/ArrayIndexOutOfBoundsException'> (0x00000000f6bc60f8) thrown at [c:/openjdk/jdk8u/jdk8u/hotspot\src\share\vm\runtime\sharedRuntime.cpp, line 605]
Event: 0.736 Thread 0x0000000002a32800 Exception <a 'java/lang/ArrayIndexOutOfBoundsException'> (0x00000000f6be6e30) thrown at [c:/openjdk/jdk8u/jdk8u/hotspot\src\share\vm\runtime\sharedRuntime.cpp, line 605]
Event: 2.251 Thread 0x0000000002a32800 Exception <a 'java/io/IOException'> (0x00000000f7454be0) thrown at [c:/openjdk/jdk8u/jdk8u/hotspot\src\share\vm\prims\jni.cpp, line 711]
Event: 2.831 Thread 0x0000000017abb800 Exception <a 'java/lang/NoSuchMethodError': java.lang.Object.lambda$and$0(Ljava/util/function/Predicate;Ljava/lang/Object;)Z> (0x00000000f6c139f8) thrown at [c:/openjdk/jdk8u/jdk8u/hotspot\src\share\vm\interpreter\linkResolver.cpp, line 620]
Event: 2.836 Thread 0x0000000017abb800 Exception <a 'java/lang/IncompatibleClassChangeError': Found class java.lang.Object, but interface was expected> (0x00000000f6c24280) thrown at [c:/openjdk/jdk8u/jdk8u/hotspot\src\share\vm\interpreter\linkResolver.cpp, line 653]
Event: 2.838 Thread 0x0000000017abb800 Exception <a 'java/lang/NoSuchMethodError': java.lang.Object.lambda$or$2(Ljava/util/function/Predicate;Ljava/lang/Object;)Z> (0x00000000f6c29218) thrown at [c:/openjdk/jdk8u/jdk8u/hotspot\src\share\vm\interpreter\linkResolver.cpp, line 620]
Event: 3.156 Thread 0x0000000017abb800 Exception <a 'java/lang/NoSuchMethodError': java.lang.Object.lambda$withReadOnlyCache$0(Ljava/util/function/BiFunction;Lorg/gradle/api/internal/artifacts/ivyservice/ArtifactCacheMetadata;)Ljava/lang/Object;> (0x00000000f7e51ee0) thrown at [c:/openjdk/jdk8
Event: 3.608 Thread 0x0000000017abb800 Implicit null exception at 0x0000000003001ed5 to 0x00000000030020e1
Event: 3.618 Thread 0x0000000017abb800 Implicit null exception at 0x00000000030d81af to 0x00000000030d8219
Event: 3.672 Thread 0x0000000017abb800 Exception <a 'java/lang/NoSuchMethodError': java.lang.Object.lambda$static$0(Lorg/gradle/api/internal/artifacts/ivyservice/ivyresolve/ModuleComponentRepository;Ljava/lang/String;Lorg/gradle/api/internal/artifacts/configurations/ResolutionStrategyInternal;

Events (10 events):
Event: 3.844 loading class org/gradle/api/artifacts/repositories/RepositoryContentDescriptor done
Event: 3.844 loading class org/gradle/api/artifacts/repositories/InclusiveRepositoryContentDescriptor
Event: 3.844 loading class org/gradle/api/artifacts/repositories/InclusiveRepositoryContentDescriptor done
Event: 3.845 loading class org/gradle/api/internal/collections/CollectionFilter
Event: 3.845 loading class org/gradle/api/internal/collections/CollectionFilter done
Event: 3.847 loading class com/google/common/reflect/TypeToken$4
Event: 3.847 loading class com/google/common/reflect/TypeToken$4 done
Event: 3.878 Thread 0x0000000017abb800 Uncommon trap: trap_request=0xffffff65 fr.pc=0x0000000002e82570
Event: 3.878 Thread 0x0000000017abb800 DEOPT PACKING pc=0x0000000002e82570 sp=0x00000000193ea630
Event: 3.878 Thread 0x0000000017abb800 DEOPT UNPACKING pc=0x0000000002b8557b sp=0x00000000193ea5b8 mode 2


Dynamic libraries:
0x00007ff6b2550000 - 0x00007ff6b2585000 	C:\Program Files\OpenJDK\jdk-8.0.262.10-hotspot\bin\java.exe
0x00007ffe71150000 - 0x00007ffe71346000 	C:\WINDOWS\SYSTEM32\ntdll.dll
0x00007ffe704e0000 - 0x00007ffe7059d000 	C:\WINDOWS\System32\KERNEL32.DLL
0x00007ffe6edb0000 - 0x00007ffe6f078000 	C:\WINDOWS\System32\KERNELBASE.dll
0x00007ffe70430000 - 0x00007ffe704dc000 	C:\WINDOWS\System32\ADVAPI32.dll
0x00007ffe70390000 - 0x00007ffe7042e000 	C:\WINDOWS\System32\msvcrt.dll
0x00007ffe6f370000 - 0x00007ffe6f40b000 	C:\WINDOWS\System32\sechost.dll
0x00007ffe705b0000 - 0x00007ffe706d4000 	C:\WINDOWS\System32\RPCRT4.dll
0x00007ffe70a70000 - 0x00007ffe70c10000 	C:\WINDOWS\System32\USER32.dll
0x00007ffe6f150000 - 0x00007ffe6f172000 	C:\WINDOWS\System32\win32u.dll
0x00007ffe70fd0000 - 0x00007ffe70ffa000 	C:\WINDOWS\System32\GDI32.dll
0x00007ffe6eba0000 - 0x00007ffe6eca9000 	C:\WINDOWS\System32\gdi32full.dll
0x00007ffe6eaa0000 - 0x00007ffe6eb3d000 	C:\WINDOWS\System32\msvcp_win.dll
0x00007ffe6ecb0000 - 0x00007ffe6edb0000 	C:\WINDOWS\System32\ucrtbase.dll
0x00007ffe5f9a0000 - 0x00007ffe5fc3b000 	C:\WINDOWS\WinSxS\amd64_microsoft.windows.common-controls_6595b64144ccf1df_6.0.19041.488_none_ca04af081b815d21\COMCTL32.dll
0x00007ffe70a40000 - 0x00007ffe70a70000 	C:\WINDOWS\System32\IMM32.DLL
0x0000000055320000 - 0x00000000553f1000 	C:\Program Files\OpenJDK\jdk-8.0.262.10-hotspot\jre\bin\msvcr100.dll
0x0000000054af0000 - 0x0000000055315000 	C:\Program Files\OpenJDK\jdk-8.0.262.10-hotspot\jre\bin\server\jvm.dll
0x00007ffe70380000 - 0x00007ffe70388000 	C:\WINDOWS\System32\PSAPI.DLL
0x00007ffe5ece0000 - 0x00007ffe5ed07000 	C:\WINDOWS\SYSTEM32\WINMM.dll
0x00007ffe69560000 - 0x00007ffe69569000 	C:\WINDOWS\SYSTEM32\WSOCK32.dll
0x00007ffe707f0000 - 0x00007ffe7085b000 	C:\WINDOWS\System32\WS2_32.dll
0x00007ffe5f770000 - 0x00007ffe5f77a000 	C:\WINDOWS\SYSTEM32\VERSION.dll
0x00007ffe6c110000 - 0x00007ffe6c11f000 	C:\Program Files\OpenJDK\jdk-8.0.262.10-hotspot\jre\bin\verify.dll
0x00007ffe5e4b0000 - 0x00007ffe5e4d9000 	C:\Program Files\OpenJDK\jdk-8.0.262.10-hotspot\jre\bin\java.dll
0x00007ffe69be0000 - 0x00007ffe69bf6000 	C:\Program Files\OpenJDK\jdk-8.0.262.10-hotspot\jre\bin\zip.dll
0x00007ffe6fa20000 - 0x00007ffe70161000 	C:\WINDOWS\System32\SHELL32.dll
0x00007ffe6c9e0000 - 0x00007ffe6d175000 	C:\WINDOWS\SYSTEM32\windows.storage.dll
0x00007ffe70c10000 - 0x00007ffe70f65000 	C:\WINDOWS\System32\combase.dll
0x00007ffe6e300000 - 0x00007ffe6e32c000 	C:\WINDOWS\SYSTEM32\Wldp.dll
0x00007ffe706e0000 - 0x00007ffe7078e000 	C:\WINDOWS\System32\SHCORE.dll
0x00007ffe709e0000 - 0x00007ffe70a35000 	C:\WINDOWS\System32\shlwapi.dll
0x00007ffe6e7c0000 - 0x00007ffe6e7e6000 	C:\WINDOWS\SYSTEM32\profapi.dll
0x00007ffe69460000 - 0x00007ffe6947a000 	C:\Program Files\OpenJDK\jdk-8.0.262.10-hotspot\jre\bin\net.dll
0x00007ffe6e080000 - 0x00007ffe6e0ea000 	C:\WINDOWS\system32\mswsock.dll
0x00007ffe687c0000 - 0x00007ffe687d1000 	C:\Program Files\OpenJDK\jdk-8.0.262.10-hotspot\jre\bin\nio.dll
0x00007ffe550c0000 - 0x00007ffe550ea000 	C:\Users\Jahanzaib\.gradle\native\36\windows-amd64\native-platform.dll
0x00007ffe6c090000 - 0x00007ffe6c09d000 	C:\Program Files\OpenJDK\jdk-8.0.262.10-hotspot\jre\bin\management.dll
0x00007ffe6e250000 - 0x00007ffe6e268000 	C:\WINDOWS\SYSTEM32\CRYPTSP.dll
0x00007ffe6d9a0000 - 0x00007ffe6d9d4000 	C:\WINDOWS\system32\rsaenh.dll
0x00007ffe6f180000 - 0x00007ffe6f1a7000 	C:\WINDOWS\System32\bcrypt.dll
0x00007ffe6e740000 - 0x00007ffe6e76e000 	C:\WINDOWS\SYSTEM32\USERENV.dll
0x00007ffe6f0d0000 - 0x00007ffe6f14f000 	C:\WINDOWS\System32\bcryptprimitives.dll
0x00007ffe6e270000 - 0x00007ffe6e27c000 	C:\WINDOWS\SYSTEM32\CRYPTBASE.dll
0x00007ffe6dd20000 - 0x00007ffe6dd5b000 	C:\WINDOWS\SYSTEM32\IPHLPAPI.DLL
0x00007ffe705a0000 - 0x00007ffe705a8000 	C:\WINDOWS\System32\NSI.dll
0x00007ffe644f0000 - 0x00007ffe64507000 	C:\WINDOWS\SYSTEM32\dhcpcsvc6.DLL
0x00007ffe66480000 - 0x00007ffe6649d000 	C:\WINDOWS\SYSTEM32\dhcpcsvc.DLL
0x00007ffe6dd60000 - 0x00007ffe6de2b000 	C:\WINDOWS\SYSTEM32\DNSAPI.dll

VM Arguments:
jvm_args: -XX:MaxMetaspaceSize=256m -XX:+HeapDumpOnOutOfMemoryError -Xms256m -Xmx512m -Dfile.encoding=windows-1252 -Duser.country=US -Duser.language=en -Duser.variant 
java_command: org.gradle.launcher.daemon.bootstrap.GradleDaemon 6.2
java_class_path (initial): C:\Users\Jahanzaib\.gradle\wrapper\dists\gradle-6.2-all\dvufqs6kielxeao781pmk5huj\gradle-6.2\lib\gradle-launcher-6.2.jar
Launcher Type: SUN_STANDARD

Environment Variables:
JAVA_HOME=C:\Program Files\OpenJDK\jdk-8.0.262.10-hotspot
CLASSPATH=E:\Jahanzaib\Redux_Hooks\Project\android\\gradle\wrapper\gradle-wrapper.jar
PATH=E:\Jahanzaib\Redux_Hooks\Project\android\node_modules\.bin;E:\Jahanzaib\Redux_Hooks\Project\node_modules\.bin;E:\Jahanzaib\Redux_Hooks\node_modules\.bin;E:\Jahanzaib\node_modules\.bin;E:\node_modules\.bin;C:\Program Files\nodejs;E:\Jahanzaib\Redux_Hooks\Project\node_modules\.bin;C:\Program Files\OpenJDK\jdk-8.0.262.10-hotspot\bin;C:\Program Files (x86)\Common Files\Oracle\Java\javapath;C:\WINDOWS\system32;C:\WINDOWS;C:\WINDOWS\System32\Wbem;C:\WINDOWS\System32\WindowsPowerShell\v1.0\;C:\WINDOWS\System32\OpenSSH\;C:\Program Files\OpenJDK\jdk-8.0.262.10-hotspot\bin;C:\ProgramData\chocolatey\bin;C:\Program Files\nodejs\;C:\Program Files\PuTTY\;C:\Program Files\Git\cmd;C:\Users\Jahanzaib\AppData\Local\Microsoft\WindowsApps;E:\Softwares\Andoid_Utils\Android\sdk\platform-tools;C:\Users\Jahanzaib\AppData\Roaming\npm;C:\Users\Jahanzaib\AppData\Local\Programs\Microsoft VS Code\bin
USERNAME=Jahanzaib
OS=Windows_NT
PROCESSOR_IDENTIFIER=Intel64 Family 6 Model 58 Stepping 9, GenuineIntel



---------------  S Y S T E M  ---------------

OS: Windows 10.0 , 64 bit Build 19041 (10.0.19041.546)

CPU:total 4 (initial active 4) (2 cores per cpu, 2 threads per core) family 6 model 58 stepping 9, cmov, cx8, fxsr, mmx, sse, sse2, sse3, ssse3, sse4.1, sse4.2, popcnt, avx, aes, clmul, erms, ht, tsc, tscinvbit, tscinv

Memory: 4k page, physical 8258656k(611164k free), swap 17077856k(3184k free)

vm_info: OpenJDK 64-Bit Server VM (25.71-b10) for windows-amd64 JRE (1.8.0-262-b10), built on Jul 25 2020 01:22:05 by "Administrator" with MS VC++ 10.0 (VS2010)

time: Tue Jan 12 12:34:13 2021
timezone: Pakistan Standard Time
elapsed time: 3 seconds (0d 0h 0m 3s)

